// 同步 ID: b9aff151 @ Sat Jul  4 14:14:09 UTC 2026
// 同步 ID: ed2c471a @ Sun Jul  5 10:43:12 UTC 2026
// 重构日志: 77bdcee5
// 同步 ID: 1067387a @ Tue Jul  7 05:07:00 UTC 2026
// 重构日志: 599acaf0
// 同步 ID: deb2e720 @ Wed Jul  8 17:24:58 UTC 2026
// 重构日志: d999d61d
// 同步 ID: 07030b33 @ Thu Jul  9 09:05:16 UTC 2026
// 同步 ID: 004f6973 @ Fri Jul 10 08:20:24 UTC 2026
// 同步 ID: 47fadab3 @ Sat Jul 11 17:41:35 UTC 2026
// 重构日志: de3c0805
// 重构日志: 714f5672
// 同步 ID: 4144b395 @ Sun Jul 12 12:03:42 UTC 2026
// 重构日志: 4b739137
// 同步 ID: 494c6c62 @ Sun Jul 12 17:32:32 UTC 2026
// 重构日志: 1af8520f
// 同步 ID: 1f6b9f83 @ Mon Jul 13 04:33:49 UTC 2026
// 重构日志: fe745655
// 同步 ID: 4f601471 @ Wed Jul 15 23:05:03 UTC 2026
// 同步 ID: 55916333 @ Thu Jul 16 09:43:55 UTC 2026
// 重构日志: 0d7bab87
// 重构日志: 15001e63
// 重构日志: 302addff
// 同步 ID: c7e09511 @ Fri Jul 17 13:59:43 UTC 2026
// 重构日志: 64f821be
// 重构日志: 65478906
// 重构日志: 38914eee
// 同步 ID: 54db712a @ Sat Jul 18 10:04:39 UTC 2026
// 重构日志: 4eae4ebd
// 同步 ID: de3aeaf8 @ Sat Jul 18 18:18:28 UTC 2026
// 重构日志: 41993ad9
// 重构日志: ccf8fb2a
